<?xml version="1.0" encoding="UTF-8" ?>
<testsuite tests="6" failures="0" name="LexerTest" time="0.166" errors="0" skipped="0">
  <properties>
[...]
</properties>
  <testcase classname="LexerTest" name="idCantStartWithNumber" time="0.155"/>
  <testcase classname="LexerTest" name="stringIdCantBeCapitalFunctionDollar" time="0"/>
  <testcase classname="LexerTest" name="idEndingWithDollarIsStringId" time="0.001"/>
  <testcase classname="LexerTest" name="tokensAreRecognizedCorrectlyInWeakInequality" time="0.005"/>
  <testcase classname="LexerTest" name="idCanBeLettersNumbersAndUnderscore" time="0.001"/>
  <testcase classname="LexerTest" name="commentIsSkipped" time="0.004"/>
</testsuite>